[02-Apr-2021 02:36:38 UTC] Enabled PHP logging
[02-Apr-2021 02:36:40 UTC] Enabled PHP logging
Logger:         	MadelineProto
Logger:         	Copyright (C) 2016-2020 Daniil Gentili
Logger:         	Licensed under AGPLv3
Logger:         	https://github.com/danog/MadelineProto
Serialization:  	Waiting for shared lock of serialization lockfile...
Serialization:  	Shared lock acquired, deserializing...
[02-Apr-2021 02:36:41 UTC] Enabled PHP logging
[02-Apr-2021 02:36:41 UTC] Enabled PHP logging
[02-Apr-2021 02:36:42 UTC] Enabled PHP logging
[02-Apr-2021 02:36:57 UTC] Enabled PHP logging
[02-Apr-2021 02:36:58 UTC] Enabled PHP logging
Logger:         	MadelineProto
Logger:         	Copyright (C) 2016-2020 Daniil Gentili
Logger:         	Licensed under AGPLv3
Logger:         	https://github.com/danog/MadelineProto
Serialization:  	Waiting for shared lock of serialization lockfile...
Serialization:  	Shared lock acquired, deserializing...
[02-Apr-2021 02:36:59 UTC] Enabled PHP logging
[02-Apr-2021 02:36:59 UTC] Enabled PHP logging
[02-Apr-2021 02:36:59 UTC] Enabled PHP logging
[02-Apr-2021 02:37:43 UTC] Enabled PHP logging
[02-Apr-2021 02:37:45 UTC] Enabled PHP logging
Logger:         	MadelineProto
Logger:         	Copyright (C) 2016-2020 Daniil Gentili
Logger:         	Licensed under AGPLv3
Logger:         	https://github.com/danog/MadelineProto
Serialization:  	Waiting for shared lock of serialization lockfile...
Serialization:  	Shared lock acquired, deserializing...
[02-Apr-2021 02:37:45 UTC] Enabled PHP logging
[02-Apr-2021 02:37:45 UTC] Enabled PHP logging
[02-Apr-2021 02:37:46 UTC] Enabled PHP logging
[02-Apr-2021 02:39:16 UTC] Enabled PHP logging
[02-Apr-2021 02:39:18 UTC] Enabled PHP logging
Logger:         	MadelineProto
Logger:         	Copyright (C) 2016-2020 Daniil Gentili
Logger:         	Licensed under AGPLv3
Logger:         	https://github.com/danog/MadelineProto
Serialization:  	Waiting for shared lock of serialization lockfile...
Serialization:  	Shared lock acquired, deserializing...
[02-Apr-2021 02:39:18 UTC] Enabled PHP logging
[02-Apr-2021 02:39:18 UTC] Enabled PHP logging
[02-Apr-2021 02:39:18 UTC] Enabled PHP logging
[02-Apr-2021 02:39:53 UTC] Enabled PHP logging
[02-Apr-2021 02:39:54 UTC] Enabled PHP logging
Logger:         	MadelineProto
Logger:         	Copyright (C) 2016-2020 Daniil Gentili
Logger:         	Licensed under AGPLv3
Logger:         	https://github.com/danog/MadelineProto
Serialization:  	Waiting for shared lock of serialization lockfile...
Serialization:  	Shared lock acquired, deserializing...
[02-Apr-2021 02:39:54 UTC] Enabled PHP logging
[02-Apr-2021 02:39:54 UTC] Enabled PHP logging
[02-Apr-2021 02:39:55 UTC] Enabled PHP logging
[02-Apr-2021 02:40:22 UTC] Enabled PHP logging
[02-Apr-2021 02:40:24 UTC] Enabled PHP logging
Logger:         	MadelineProto
Logger:         	Copyright (C) 2016-2020 Daniil Gentili
Logger:         	Licensed under AGPLv3
Logger:         	https://github.com/danog/MadelineProto
Serialization:  	Waiting for shared lock of serialization lockfile...
Serialization:  	Shared lock acquired, deserializing...
[02-Apr-2021 02:40:24 UTC] Enabled PHP logging
[02-Apr-2021 02:40:24 UTC] Enabled PHP logging
[02-Apr-2021 02:40:25 UTC] Enabled PHP logging
