[02-Apr-2021 15:32:29 Asia/Jakarta] Enabled PHP logging
[02-Apr-2021 15:32:31 Asia/Jakarta] Enabled PHP logging
Logger:         	MadelineProto
Logger:         	Copyright (C) 2016-2020 Daniil Gentili
Logger:         	Licensed under AGPLv3
Logger:         	https://github.com/danog/MadelineProto
API:            	Shutting down MadelineProto (API)
[02-Apr-2021 15:41:20 Asia/Jakarta] Enabled PHP logging
[02-Apr-2021 15:41:21 Asia/Jakarta] Enabled PHP logging
Logger:         	MadelineProto
Logger:         	Copyright (C) 2016-2020 Daniil Gentili
Logger:         	Licensed under AGPLv3
Logger:         	https://github.com/danog/MadelineProto
Serialization:  	Waiting for shared lock of serialization lockfile...
Serialization:  	Shared lock acquired, deserializing...
API:            	Shutting down MadelineProto (API)
[02-Apr-2021 15:41:30 Asia/Jakarta] Enabled PHP logging
[02-Apr-2021 15:41:32 Asia/Jakarta] Enabled PHP logging
Logger:         	MadelineProto
Logger:         	Copyright (C) 2016-2020 Daniil Gentili
Logger:         	Licensed under AGPLv3
Logger:         	https://github.com/danog/MadelineProto
Serialization:  	Waiting for shared lock of serialization lockfile...
Serialization:  	Shared lock acquired, deserializing...
API:            	Shutting down MadelineProto (API)
[02-Apr-2021 15:55:50 Asia/Jakarta] Enabled PHP logging
[02-Apr-2021 15:55:52 Asia/Jakarta] Enabled PHP logging
Logger:         	MadelineProto
Logger:         	Copyright (C) 2016-2020 Daniil Gentili
Logger:         	Licensed under AGPLv3
Logger:         	https://github.com/danog/MadelineProto
Serialization:  	Waiting for shared lock of serialization lockfile...
Serialization:  	Shared lock acquired, deserializing...
API:            	Shutting down MadelineProto (API)
[02-Apr-2021 16:01:19 Asia/Jakarta] Enabled PHP logging
[02-Apr-2021 16:01:21 Asia/Jakarta] Enabled PHP logging
Logger:         	MadelineProto
Logger:         	Copyright (C) 2016-2020 Daniil Gentili
Logger:         	Licensed under AGPLv3
Logger:         	https://github.com/danog/MadelineProto
Serialization:  	Waiting for shared lock of serialization lockfile...
Serialization:  	Shared lock acquired, deserializing...
API:            	Shutting down MadelineProto (API)
[02-Apr-2021 16:03:28 Asia/Jakarta] Enabled PHP logging
[02-Apr-2021 16:03:29 Asia/Jakarta] Enabled PHP logging
Logger:         	MadelineProto
Logger:         	Copyright (C) 2016-2020 Daniil Gentili
Logger:         	Licensed under AGPLv3
Logger:         	https://github.com/danog/MadelineProto
Serialization:  	Waiting for shared lock of serialization lockfile...
Serialization:  	Shared lock acquired, deserializing...
API:            	Shutting down MadelineProto (API)
[02-Apr-2021 16:03:41 Asia/Jakarta] Enabled PHP logging
[02-Apr-2021 16:03:43 Asia/Jakarta] Enabled PHP logging
Logger:         	MadelineProto
Logger:         	Copyright (C) 2016-2020 Daniil Gentili
Logger:         	Licensed under AGPLv3
Logger:         	https://github.com/danog/MadelineProto
Serialization:  	Waiting for shared lock of serialization lockfile...
Serialization:  	Shared lock acquired, deserializing...
API:            	Shutting down MadelineProto (API)
[02-Apr-2021 16:03:48 Asia/Jakarta] Enabled PHP logging
[02-Apr-2021 16:03:50 Asia/Jakarta] Enabled PHP logging
Logger:         	MadelineProto
Logger:         	Copyright (C) 2016-2020 Daniil Gentili
Logger:         	Licensed under AGPLv3
Logger:         	https://github.com/danog/MadelineProto
Serialization:  	Waiting for shared lock of serialization lockfile...
Serialization:  	Shared lock acquired, deserializing...
API:            	Shutting down MadelineProto (API)
[02-Apr-2021 16:03:56 Asia/Jakarta] Enabled PHP logging
[02-Apr-2021 16:03:59 Asia/Jakarta] Enabled PHP logging
Logger:         	MadelineProto
Logger:         	Copyright (C) 2016-2020 Daniil Gentili
Logger:         	Licensed under AGPLv3
Logger:         	https://github.com/danog/MadelineProto
Serialization:  	Waiting for shared lock of serialization lockfile...
Serialization:  	Shared lock acquired, deserializing...
API:            	Shutting down MadelineProto (API)
[02-Apr-2021 16:06:50 Asia/Jakarta] Enabled PHP logging
[02-Apr-2021 16:06:51 Asia/Jakarta] Enabled PHP logging
Logger:         	MadelineProto
Logger:         	Copyright (C) 2016-2020 Daniil Gentili
Logger:         	Licensed under AGPLv3
Logger:         	https://github.com/danog/MadelineProto
Serialization:  	Waiting for shared lock of serialization lockfile...
Serialization:  	Shared lock acquired, deserializing...
API:            	Shutting down MadelineProto (API)
[02-Apr-2021 19:23:20 Asia/Jakarta] Enabled PHP logging
[02-Apr-2021 19:23:22 Asia/Jakarta] Enabled PHP logging
Logger:         	MadelineProto
Logger:         	Copyright (C) 2016-2020 Daniil Gentili
Logger:         	Licensed under AGPLv3
Logger:         	https://github.com/danog/MadelineProto
Serialization:  	Waiting for shared lock of serialization lockfile...
Serialization:  	Shared lock acquired, deserializing...
API:            	Shutting down MadelineProto (API)
